<?xml version="1.0" encoding="UTF-8"?>
<testng-results ignored="0" total="1" passed="1" failed="0" skipped="0">
  <reporter-output>
  </reporter-output>
  <suite started-at="2021-09-11T15:23:52Z" name="Test automtion docker demo regression suite" finished-at="2021-09-11T15:24:01Z" duration-ms="9492">
    <groups>
    </groups>
    <test started-at="2021-09-11T15:23:52Z" name="Freshworks - Chrome test" finished-at="2021-09-11T15:24:01Z" duration-ms="9492">
      <class name="WM.dockerDemo">
        <test-method signature="testApp()[pri:0, instance:WM.dockerDemo@158a8276]" started-at="2021-09-11T15:23:52Z" name="testApp" finished-at="2021-09-11T15:24:01Z" duration-ms="9443" status="PASS">
          <reporter-output>
          </reporter-output>
        </test-method> <!-- testApp -->
      </class> <!-- WM.dockerDemo -->
    </test> <!-- Freshworks - Chrome test -->
  </suite> <!-- Test automtion docker demo regression suite -->
</testng-results>
